sample.interval=20000
"resampleDates" 
"resampleDates" 
"resampleDates" 
"resampleDates" 
"resampleDates" 
"resampleDates" 
"FUN" "eval" "eval" "Ops.data.frame" "which" "resampleDates" 
"which" "get_state_indices" "resampleDates" 
"Ops.data.frame" "which" "resampleDates" 
"Ops.data.frame" "which" "resampleDates" 
"Ops.data.frame" "which" "resampleDates" 
"unlist" "Ops.data.frame" "which" "resampleDates" 
"which" "resampleDates" 
"which" "get_state_indices" "resampleDates" 
"is.data.frame" "var" "stats::sd" "resampleDates" 
"which" "resampleDates" 
"which" "resampleDates" 
"is.data.frame" "var" "stats::sd" "resampleDates" 
"FUN" "eval" "eval" "Ops.data.frame" "which" "resampleDates" 
"[[" "Ops.data.frame" "which" "resampleDates" 
"unlist" "Ops.data.frame" "which" "resampleDates" 
"matrix" "Ops.data.frame" "which" "resampleDates" 
"which" "resampleDates" 
"FUN" "eval" "eval" "Ops.data.frame" "which" "resampleDates" 
"which" "resampleDates" 
"resampleDates" 
"unlist" "Ops.data.frame" "which" "resampleDates" 
"order" "knnDaily" "resampleDates" 
"which" "resampleDates" 
"which" "resampleDates" 
"which" "resampleDates" 
"sys.parent" "sys.function" "formals" "match.arg" "order" "knnDaily" "resampleDates" 
"which" "get_state_indices" "resampleDates" 
"isTRUE" "mean.default" "mean" "resampleDates" 
"mean" "resampleDates" 
"matrix" "Ops.data.frame" "which" "resampleDates" 
"which" "resampleDates" 
"which" "resampleDates" 
"FUN" "eval" "eval" "Ops.data.frame" "which" "resampleDates" 
"FUN" "eval" "eval" "Ops.data.frame" "which" "resampleDates" 
"formals" "match.arg" "order" "knnDaily" "resampleDates" 
"FUN" "eval" "eval" "Ops.data.frame" "which" "resampleDates" 
"which" "resampleDates" 
"resampleDates" 
"matrix" "Ops.data.frame" "which" "resampleDates" 
"withCallingHandlers" "subclass_col_index_errors" "vectbl_as_col_location" "[.tbl_df" "[" "which" "resampleDates" 
"which" "resampleDates" 
"FUN" "eval" "eval" "Ops.data.frame" "which" "resampleDates" 
"which" "resampleDates" 
"FUN" "eval" "eval" "Ops.data.frame" "which" "resampleDates" 
"FUN" "eval" "eval" "Ops.data.frame" "which" "resampleDates" 
"FUN" "eval" "eval" "Ops.data.frame" "which" "resampleDates" 
"c" "resampleDates" 
"NextMethod" ".Date" "[.Date" "[" "resampleDates" 
"Ops.data.frame" "which" "resampleDates" 
"matrix" "Ops.data.frame" "which" "resampleDates" 
"&" "calculateMarkovProbs" "resampleDates" 
"which" "resampleDates" 
"Ops.data.frame" "which" "resampleDates" 
"which" "resampleDates" 
"which" "resampleDates" 
"unlist" "Ops.data.frame" "which" "resampleDates" 
"matrix" "Ops.data.frame" "which" "resampleDates" 
"which" "resampleDates" 
"unlist" "Ops.data.frame" "which" "resampleDates" 
"resampleDates" 
"FUN" "eval" "eval" "Ops.data.frame" "which" "resampleDates" 
"which" "resampleDates" 
"FUN" "eval" "eval" "Ops.data.frame" "which" "resampleDates" 
"which" "resampleDates" 
"resampleDates" 
"unlist" "Ops.data.frame" "which" "resampleDates" 
"which" "resampleDates" 
"is.data.frame" "var" "stats::sd" "resampleDates" 
"FUN" "eval" "eval" "Ops.data.frame" "which" "resampleDates" 
"which" "resampleDates" 
"mean" "resampleDates" 
"mean" "resampleDates" 
"matrix" "Ops.data.frame" "which" "resampleDates" 
"FUN" "eval" "eval" "Ops.data.frame" "which" "resampleDates" 
"FUN" "eval" "eval" "Ops.data.frame" "which" "resampleDates" 
"sys.parent" "sys.function" "formals" "match.arg" "order" "knnDaily" "resampleDates" 
"is.data.frame" "var" "stats::sd" "resampleDates" 
"unlist" "Ops.data.frame" "which" "resampleDates" 
"unlist" "Ops.data.frame" "which" "resampleDates" 
"which" "resampleDates" 
"which" "resampleDates" 
"FUN" "eval" "eval" "Ops.data.frame" "which" "resampleDates" 
"which" "FUN" "lapply" "unlist" "resampleDates" 
"resampleDates" 
"which" "resampleDates" 
"which" "resampleDates" 
"which" "resampleDates" 
"Ops.data.frame" "which" "resampleDates" 
"FUN" "eval" "eval" "Ops.data.frame" "which" "resampleDates" 
"mean.default" "mean" "resampleDates" 
"unlist" "Ops.data.frame" "which" "resampleDates" 
"which" "resampleDates" 
"which" "get_state_indices" "resampleDates" 
"%in%" "Ops.data.frame" "which" "resampleDates" 
"order" "knnDaily" "resampleDates" 
"which" "resampleDates" 
"which" "resampleDates" 
"FUN" "eval" "eval" "Ops.data.frame" "which" "resampleDates" 
"FUN" "eval" "eval" "Ops.data.frame" "which" "resampleDates" 
"var" "stats::sd" "resampleDates" 
"FUN" "eval" "eval" "Ops.data.frame" "which" "resampleDates" 
"which" "stats::quantile" "FUN" "lapply" "sapply" "resampleDates" 
"which" "resampleDates" 
"which" "resampleDates" 
"mean.default" "mean" "resampleDates" 
"isTRUE" "mean.default" "mean" "resampleDates" 
"which" "resampleDates" 
"FUN" "eval" "eval" "Ops.data.frame" "which" "resampleDates" 
"sample.int" "sample" "knnDaily" "resampleDates" 
"which" "resampleDates" 
"unlist" "Ops.data.frame" "which" "resampleDates" 
"which" "resampleDates" 
"which" "resampleDates" 
"which" "resampleDates" 
"which" "resampleDates" 
"which" "resampleDates" 
"parent.frame" "get" "Ops.data.frame" "which" "resampleDates" 
"FUN" "eval" "eval" "Ops.data.frame" "which" "resampleDates" 
"mean" "resampleDates" 
"which" "resampleDates" 
"which" "stats::quantile" "FUN" "lapply" "sapply" "resampleDates" 
"vapply" "order" "knnDaily" "resampleDates" 
"var" "stats::sd" "resampleDates" 
"Ops.data.frame" "which" "resampleDates" 
"resampleDates" 
"which" "resampleDates" 
"which" "resampleDates" 
"which" "resampleDates" 
"which" "resampleDates" 
"withCallingHandlers" "subclass_col_index_errors" "vectbl_as_col_location" "[.tbl_df" "[" "which" "resampleDates" 
"which" "resampleDates" 
"is.na" "mean.default" "mean" "resampleDates" 
"which" "get_state_indices" "resampleDates" 
"which" "resampleDates" 
"which" "resampleDates" 
"matrix" "Ops.data.frame" "which" "resampleDates" 
"FUN" "eval" "eval" "Ops.data.frame" "which" "resampleDates" 
"which" "resampleDates" 
"FUN" "eval" "eval" "Ops.data.frame" "which" "resampleDates" 
"which" "resampleDates" 
"knnDaily" "resampleDates" 
"unlist" "Ops.data.frame" "which" "resampleDates" 
"FUN" "eval" "eval" "Ops.data.frame" "which" "resampleDates" 
"which" "resampleDates" 
"which" "resampleDates" 
"Ops.data.frame" "which" "resampleDates" 
"NextMethod" ".Date" "[.Date" "[" "resampleDates" 
"FUN" "eval" "eval" "Ops.data.frame" "which" "resampleDates" 
"which" "resampleDates" 
"FUN" "eval" "eval" "Ops.data.frame" "which" "resampleDates" 
"which" "resampleDates" 
"unlist" "Ops.data.frame" "which" "resampleDates" 
"FUN" "eval" "eval" "Ops.data.frame" "which" "resampleDates" 
"unlist" "Ops.data.frame" "which" "resampleDates" 
"which" "resampleDates" 
"which" "resampleDates" 
"FUN" "eval" "eval" "Ops.data.frame" "which" "resampleDates" 
"which" "resampleDates" 
"which" "resampleDates" 
"unlist" "Ops.data.frame" "which" "resampleDates" 
"sys.function" "formals" "match.arg" "order" "knnDaily" "resampleDates" 
"FUN" "eval" "eval" "Ops.data.frame" "which" "resampleDates" 
"which" "resampleDates" 
"which" "resampleDates" 
"&" "calculateMarkovProbs" "resampleDates" 
"which" "resampleDates" 
"[.tbl_df" "[" "which" "resampleDates" 
"which" "get_state_indices" "resampleDates" 
"which" "resampleDates" 
"vapply" "order" "knnDaily" "resampleDates" 
"knnDaily" "resampleDates" 
".Call" "vec_as_location" "withCallingHandlers" "subclass_col_index_errors" "vectbl_as_col_location" "[.tbl_df" "[" "which" "resampleDates" 
"which" "resampleDates" 
"which" "resampleDates" 
"FUN" "eval" "eval" "Ops.data.frame" "which" "resampleDates" 
"which" "resampleDates" 
"which" "resampleDates" 
"var" "stats::sd" "resampleDates" 
"any" "sort.int" "sort.default" "sort" "quantile.default" "stats::quantile" "FUN" "lapply" "sapply" "resampleDates" 
"[" "resampleDates" 
"FUN" "eval" "eval" "Ops.data.frame" "which" "resampleDates" 
"resampleDates" 
"which" "resampleDates" 
"var" "stats::sd" "resampleDates" 
"which" "resampleDates" 
"FUN" "eval" "eval" "Ops.data.frame" "which" "resampleDates" 
"subset" "resampleDates" 
"resampleDates" 
"which" "resampleDates" 
"is.data.frame" "var" "stats::sd" "resampleDates" 
"which" "resampleDates" 
"which" "resampleDates" 
"FUN" "eval" "eval" "Ops.data.frame" "which" "resampleDates" 
"Ops.data.frame" "which" "resampleDates" 
"which" "resampleDates" 
"which" "resampleDates" 
"which" "resampleDates" 
"is.data.frame" "var" "stats::sd" "resampleDates" 
"FUN" "eval" "eval" "Ops.data.frame" "which" "resampleDates" 
"order" "knnDaily" "resampleDates" 
"mean" "resampleDates" 
"var" "stats::sd" "resampleDates" 
"which" "resampleDates" 
"matrix" "Ops.data.frame" "which" "resampleDates" 
"which" "resampleDates" 
"which" "resampleDates" 
"FUN" "eval" "eval" "Ops.data.frame" "which" "resampleDates" 
"calculateMarkovProbs" "resampleDates" 
"unlist" "Ops.data.frame" "which" "resampleDates" 
"[[.tbl_df" "[[" "Ops.data.frame" "which" "resampleDates" 
"withCallingHandlers" "subclass_col_index_errors" "vectbl_as_col_location" "[.tbl_df" "[" "which" "resampleDates" 
"subset" "resampleDates" 
"which" "resampleDates" 
"unlist" "Ops.data.frame" "which" "resampleDates" 
"which" "resampleDates" 
"FUN" "eval" "eval" "Ops.data.frame" "which" "resampleDates" 
"matrix" "Ops.data.frame" "which" "resampleDates" 
"Ops.data.frame" "which" "resampleDates" 
"matrix" "Ops.data.frame" "which" "resampleDates" 
"which" "resampleDates" 
"mean.default" "mean" "resampleDates" 
"FUN" "eval" "eval" "Ops.data.frame" "which" "resampleDates" 
"matrix" "Ops.data.frame" "which" "resampleDates" 
"Ops.data.frame" "which" "resampleDates" 
"matrix" "Ops.data.frame" "which" "resampleDates" 
"matrix" "Ops.data.frame" "which" "resampleDates" 
"matrix" "Ops.data.frame" "which" "resampleDates" 
"matrix" "Ops.data.frame" "which" "resampleDates" 
"matrix" "Ops.data.frame" "which" "resampleDates" 
"which" "resampleDates" 
"matrix" "Ops.data.frame" "which" "resampleDates" 
"which" "resampleDates" 
"is.data.frame" "var" "stats::sd" "resampleDates" 
"which" "resampleDates" 
"is.data.frame" "var" "stats::sd" "resampleDates" 
"FUN" "eval" "eval" "Ops.data.frame" "which" "resampleDates" 
"mean" "resampleDates" 
"order" "knnDaily" "resampleDates" 
"which" "resampleDates" 
"unlist" "Ops.data.frame" "which" "resampleDates" 
"which" "resampleDates" 
"stopifnot" "vectbl_as_row_index" "[.tbl_df" "[" "resampleDates" 
"FUN" "eval" "eval" "Ops.data.frame" "which" "resampleDates" 
"which" "resampleDates" 
"is.na" "mean.default" "mean" "resampleDates" 
"unlist" "Ops.data.frame" "which" "resampleDates" 
"which" "resampleDates" 
"knnDaily" "resampleDates" 
"unlist" "Ops.data.frame" "which" "resampleDates" 
"which" "get_state_indices" "resampleDates" 
"which" "resampleDates" 
"which" "resampleDates" 
"[[.tbl_df" "[[" "Ops.data.frame" "which" "resampleDates" 
"mean.default" "mean" "resampleDates" 
"subset" "resampleDates" 
"==" "which" "calculateMarkovProbs" "resampleDates" 
"resampleDates" 
"matrix" "Ops.data.frame" "which" "resampleDates" 
"FUN" "eval" "eval" "Ops.data.frame" "which" "resampleDates" 
"resampleDates" 
"which" "get_state_indices" "resampleDates" 
"resampleDates" 
"which" "resampleDates" 
"subset.default" "subset" "resampleDates" 
"subset.default" "subset" "resampleDates" 
"order" "knnDaily" "resampleDates" 
"FUN" "eval" "eval" "Ops.data.frame" "which" "resampleDates" 
"is.na" "mean.default" "mean" "resampleDates" 
"which" "resampleDates" 
"which" "resampleDates" 
"unlist" "Ops.data.frame" "which" "resampleDates" 
"[.tbl_df" "[" "which" "resampleDates" 
"matrix" "Ops.data.frame" "which" "resampleDates" 
"names" "names" "Ops.data.frame" "which" "resampleDates" 
"get" "Ops.data.frame" "which" "resampleDates" 
"matrix" "Ops.data.frame" "which" "resampleDates" 
"which" "resampleDates" 
"is.data.frame" "var" "stats::sd" "resampleDates" 
"which" "resampleDates" 
"names" "Ops.data.frame" "which" "resampleDates" 
"eval" "match.arg" "order" "knnDaily" "resampleDates" 
"var" "stats::sd" "resampleDates" 
"unlist" "Ops.data.frame" "which" "resampleDates" 
"FUN" "eval" "eval" "Ops.data.frame" "which" "resampleDates" 
"[.tbl_df" "[" "which" "resampleDates" 
"which" "resampleDates" 
"unlist" "Ops.data.frame" "which" "resampleDates" 
"FUN" "eval" "eval" "Ops.data.frame" "which" "resampleDates" 
"which" "resampleDates" 
"which" "resampleDates" 
"FUN" "eval" "eval" "Ops.data.frame" "which" "resampleDates" 
"[[.tbl_df" "[[" "Ops.data.frame" "which" "resampleDates" 
"which" "resampleDates" 
"mean" "resampleDates" 
"which" "resampleDates" 
"FUN" "eval" "eval" "Ops.data.frame" "which" "resampleDates" 
"which" "resampleDates" 
"which" "resampleDates" 
"which" "resampleDates" 
"which" "stats::quantile" "FUN" "lapply" "sapply" "resampleDates" 
"which" "resampleDates" 
"matrix" "Ops.data.frame" "which" "resampleDates" 
"matrix" "Ops.data.frame" "which" "resampleDates" 
"subset" "resampleDates" 
"any" "order" "knnDaily" "resampleDates" 
"is.na" "mean.default" "mean" "resampleDates" 
"NextMethod" ".Date" "[.Date" "[" "resampleDates" 
"which" "resampleDates" 
"FUN" "eval" "eval" "Ops.data.frame" "which" "resampleDates" 
"which" "resampleDates" 
"which" "get_state_indices" "resampleDates" 
"FUN" "eval" "eval" "Ops.data.frame" "which" "resampleDates" 
"mean" "resampleDates" 
"FUN" "eval" "eval" "Ops.data.frame" "which" "resampleDates" 
